[2026-03-03 23:57:05] [INFO] 
[2026-03-03 23:57:05] [INFO] ==========================================================
[2026-03-03 23:57:05] [INFO]  BOOTSTRAP DO AMBIENTE DE DESENVOLVEDOR - ONBOARDING 
[2026-03-03 23:57:05] [INFO] ==========================================================
[2026-03-03 23:57:05] [STEP] Validando permissões de execução (Administrator)...
[2026-03-03 23:57:05] [WARN] Aviso: Nao e Admin, mas prosseguindo devido ao -DryRun.
[2026-03-03 23:57:05] [STEP] Validando o gerenciador de pacotes WinGet...
[2026-03-03 23:57:05] [SUCCESS] WinGet operacional. Fonte: C:\Users\heric\AppData\Local\Microsoft\WindowsApps\winget.exe
[2026-03-03 23:57:05] [STEP] Habilitando recursos de Virtualização e WSL...
[2026-03-03 23:57:05] [INFO] [DryRun] Processaria VirtualMachinePlatform e Subsystem-Linux.
[2026-03-03 23:57:05] [STEP] Validando distribuicoes no WSL e inicializando Ubuntu (Padrão)...
[2026-03-03 23:57:05] [INFO] [DryRun] Faria deploy logico de WSL 2 + Ubuntu LTS.
[2026-03-03 23:57:05] [STEP] Provisionando Java Ecosystem (Eclipse Temurin)...
[2026-03-03 23:57:05] [INFO] Semeando/Atualizando Java 21 LTS (Branch Padrão do Kit)...
[2026-03-03 23:57:05] [INFO] [DryRun] Pacote avaliado para instalacao: EclipseAdoptium.Temurin.21.JDK
[2026-03-03 23:57:05] [STEP] Provisionando NVM for Windows e Ecossistema Node.js...
[2026-03-03 23:57:05] [INFO] [DryRun] Pacote avaliado para instalacao: CoreyButler.NVMforWindows
[2026-03-03 23:57:05] [INFO] [DryRun] Executaria 'nvm install 24' e configuraria default.
[2026-03-03 23:57:05] [STEP] Provisionando Engine do Python e Pip...
[2026-03-03 23:57:05] [INFO] Processando instalador do Python 3.12 (Padrão)...
[2026-03-03 23:57:05] [INFO] [DryRun] Pacote avaliado para instalacao: Python.Python.3.12
[2026-03-03 23:57:05] [STEP] Armando Docker Desktop via WinGet...
[2026-03-03 23:57:05] [INFO] [DryRun] Pacote avaliado para instalacao: Docker.DockerDesktop
[2026-03-03 23:57:05] [STEP] Higienizando Variáveis de Ambiente...
[2026-03-03 23:57:05] [INFO] [DryRun] Configuraria/Validaria JAVA_HOME global.
[2026-03-03 23:57:05] [STEP] Iniciando processo do Docker Engine (Backend)...
[2026-03-03 23:57:05] [INFO] [DryRun] Executaria binario do Docker em Background.
[2026-03-03 23:57:05] [STEP] Rotina de Encerramento e Refresh de Ambiente
[2026-03-03 23:57:05] [INFO] [DryRun] Finalizaria script sem modificacoes.
[2026-03-03 23:57:05] [INFO] 
[2026-03-03 23:57:05] [SUCCESS] ==========================================================
[2026-03-03 23:57:05] [SUCCESS]  AMBIENTE IMPLANTADO COM SUCESSO! 
[2026-03-03 23:57:05] [SUCCESS] ==========================================================
[2026-03-03 23:57:05] [WARN] 1. SE você instalou WSL ou Docker hoje, REINICIE SEU COMPUTADOR agora.
[2026-03-03 23:57:05] [WARN] 2. FECHE ESTA JANELA. Abra um (NOVO) terminal sem ser admin para recarregar as paths.
[2026-03-03 23:57:05] [INFO] 3. Acompanhe os comandos de test coverage TDD no Pester contidos no README.
